<?xml version="1.0" encoding="UTF-8"?>
<!-- Generated by org.testng.reporters.JUnitReportReporter -->
<testsuite hostname="DESKTOP-5B34DPL" failures="0" tests="1" name="raExcelDriven.RAPractice" time="0.278" errors="0" timestamp="2023-09-04T11:41:21 IST" skipped="0">
  <testcase classname="raExcelDriven.RAPractice" name="AddBook" time="0.278"/>
  <system-out/>
</testsuite> <!-- raExcelDriven.RAPractice -->
